(.venv) stevenbrown@srb-mbp23 macOS_util_py_rep_mac-dot-report % python main.py
csv_output_path:  /Users/stevenbrown/Library/Mobile Documents/com~apple~CloudDocs/Documents_SRB iCloud/Filespace control/FS Ctrl - LOGS/Info Reports + Logs IN/240816-161802_mac-dot-report.csv
db1️⃣ home DataFrame loaded:
                        item_name   item_type  unique_id
0                        .quokka  folder_sym          1
1                        .nuxtrc    file_sym          2
2                    .vue-cli-ui  folder_sym          3
3                        .config  folder_sym          4
4                        .docker  folder_sym          5
..                           ...         ...        ...
72  .ms_eclipsetemurinjdk_config    file_sym         73
73                 .bash_history    file_sym         74
74                      .viminfo        file         75
75                 .zsh_sessions  folder_sym         76
76                       .pcloud  folder_sym         77

[77 rows x 3 columns]
Initialization complete. Main DataFrame after initializing:
                       item_name   item_type  unique_id                  item_name_hm item_type_hm
0                        .quokka  folder_sym          1                       .quokka   folder_sym
1                        .nuxtrc    file_sym          2                       .nuxtrc     file_sym
2                    .vue-cli-ui  folder_sym          3                   .vue-cli-ui   folder_sym
3                        .config  folder_sym          4                       .config   folder_sym
4                        .docker  folder_sym          5                       .docker   folder_sym
..                           ...         ...        ...                           ...          ...
72  .ms_eclipsetemurinjdk_config    file_sym         73  .ms_eclipsetemurinjdk_config     file_sym
73                 .bash_history    file_sym         74                 .bash_history     file_sym
74                      .viminfo        file         75                      .viminfo         file
75                 .zsh_sessions  folder_sym         76                 .zsh_sessions   folder_sym
76                       .pcloud  folder_sym         77                       .pcloud   folder_sym

[77 rows x 5 columns]
db1️⃣ home DataFrame loaded:
                        item_name   item_type  unique_id
0                        .quokka  folder_sym         78
1                        .nuxtrc    file_sym         79
2                    .vue-cli-ui  folder_sym         80
3                        .config  folder_sym         81
4                        .docker  folder_sym         82
..                           ...         ...        ...
72  .ms_eclipsetemurinjdk_config    file_sym        150
73                 .bash_history    file_sym        151
74                      .viminfo        file        152
75                 .zsh_sessions  folder_sym        153
76                       .pcloud  folder_sym        154

[77 rows x 3 columns]
db1️⃣ repo DataFrame loaded:
                        item_name item_type  unique_id
0                        .quokka    folder        155
1                        .nuxtrc      file        156
2                    .vue-cli-ui    folder        157
3                        .config    folder        158
4                        .docker    folder        159
..                           ...       ...        ...
68  .ms_eclipsetemurinjdk_config      file        223
69                 .bash_history      file        224
70                      .viminfo      file        225
71                 .zsh_sessions    folder        226
72                       .pcloud    folder        227

[73 rows x 3 columns]
2024-08-16 16:18:02,064 - DEBUG - Value validation and correction complete.
db8️⃣ DataFrame validation passed.
db1️⃣ Merging with repo using suffixes 'hm' and 'rp'. Suffix mapping:
{'df1': ('hm',                        item_name   item_type  unique_id                  item_name_hm item_type_hm
0                        .quokka  folder_sym          1                       .quokka   folder_sym
1                        .nuxtrc    file_sym          2                       .nuxtrc     file_sym
2                    .vue-cli-ui  folder_sym          3                   .vue-cli-ui   folder_sym
3                        .config  folder_sym          4                       .config   folder_sym
4                        .docker  folder_sym          5                       .docker   folder_sym
..                           ...         ...        ...                           ...          ...
72  .ms_eclipsetemurinjdk_config    file_sym         73  .ms_eclipsetemurinjdk_config     file_sym
73                 .bash_history    file_sym         74                 .bash_history     file_sym
74                      .viminfo        file         75                      .viminfo         file
75                 .zsh_sessions  folder_sym         76                 .zsh_sessions   folder_sym
76                       .pcloud  folder_sym         77                       .pcloud   folder_sym

[77 rows x 5 columns]), 'df2': ('rp',                        item_name item_type  unique_id
0                        .quokka    folder        155
1                        .nuxtrc      file        156
2                    .vue-cli-ui    folder        157
3                        .config    folder        158
4                        .docker    folder        159
..                           ...       ...        ...
68  .ms_eclipsetemurinjdk_config      file        223
69                 .bash_history      file        224
70                      .viminfo      file        225
71                 .zsh_sessions    folder        226
72                       .pcloud    folder        227

[73 rows x 3 columns])}
db9️⃣ Merged DataFrame columns:
Index(['item_name', 'item_type',
       'unique_id_{'df1': ('hm',                        item_name   item_type  unique_id                  item_name_hm item_type_hm\n0                        .quokka  folder_sym          1                       .quokka   folder_sym\n1                        .nuxtrc    file_sym          2                       .nuxtrc     file_sym\n2                    .vue-cli-ui  folder_sym          3                   .vue-cli-ui   folder_sym\n3                        .config  folder_sym          4                       .config   folder_sym\n4                        .docker  folder_sym          5                       .docker   folder_sym\n..                           ...         ...        ...                           ...          ...\n72  .ms_eclipsetemurinjdk_config    file_sym         73  .ms_eclipsetemurinjdk_config     file_sym\n73                 .bash_history    file_sym         74                 .bash_history     file_sym\n74                      .viminfo        file         75                      .viminfo         file\n75                 .zsh_sessions  folder_sym         76                 .zsh_sessions   folder_sym\n76                       .pcloud  folder_sym         77                       .pcloud   folder_sym\n\n[77 rows x 5 columns]), 'df2': ('rp',                        item_name item_type  unique_id\n0                        .quokka    folder        155\n1                        .nuxtrc      file        156\n2                    .vue-cli-ui    folder        157\n3                        .config    folder        158\n4                        .docker    folder        159\n..                           ...       ...        ...\n68  .ms_eclipsetemurinjdk_config      file        223\n69                 .bash_history      file        224\n70                      .viminfo      file        225\n71                 .zsh_sessions    folder        226\n72                       .pcloud    folder        227\n\n[73 rows x 3 columns])}',
       'item_name_hm', 'item_type_hm', 'unique_id_rp', '_merge'],
      dtype='object')
db9️⃣ Merged DataFrame preview:
             item_name   item_type  ...  unique_id_rp      _merge
0  .CFUserTextEncoding        file  ...         166.0  right_only
1  .CFUserTextEncoding    file_sym  ...           NaN   left_only
2            .DS_Store        file  ...         161.0        both
3     .IdentityService      folder  ...         191.0  right_only
4     .IdentityService  folder_sym  ...           NaN   left_only

[5 rows x 7 columns]
Traceback (most recent call last):
  File "/Users/stevenbrown/swd_storage/VCS_local/vcs3_GitHub/GitHub4_mine_public/macOS_util_py_rep_mac-dot-report/.venv/lib/python3.12/site-packages/pandas/core/indexes/base.py", line 3805, in get_loc
    return self._engine.get_loc(casted_key)
           ^^^^^^^^^^^^^^^^^^^^^^^^^^^^^^^^
  File "index.pyx", line 167, in pandas._libs.index.IndexEngine.get_loc
  File "index.pyx", line 196, in pandas._libs.index.IndexEngine.get_loc
  File "pandas/_libs/hashtable_class_helper.pxi", line 7081, in pandas._libs.hashtable.PyObjectHashTable.get_item
  File "pandas/_libs/hashtable_class_helper.pxi", line 7089, in pandas._libs.hashtable.PyObjectHashTable.get_item
KeyError: "item_name_{'df1': ('hm',                        item_name   item_type  unique_id                  item_name_hm item_type_hm\n0                        .quokka  folder_sym          1                       .quokka   folder_sym\n1                        .nuxtrc    file_sym          2                       .nuxtrc     file_sym\n2                    .vue-cli-ui  folder_sym          3                   .vue-cli-ui   folder_sym\n3                        .config  folder_sym          4                       .config   folder_sym\n4                        .docker  folder_sym          5                       .docker   folder_sym\n..                           ...         ...        ...                           ...          ...\n72  .ms_eclipsetemurinjdk_config    file_sym         73  .ms_eclipsetemurinjdk_config     file_sym\n73                 .bash_history    file_sym         74                 .bash_history     file_sym\n74                      .viminfo        file         75                      .viminfo         file\n75                 .zsh_sessions  folder_sym         76                 .zsh_sessions   folder_sym\n76                       .pcloud  folder_sym         77                       .pcloud   folder_sym\n\n[77 rows x 5 columns]), 'df2': ('rp',                        item_name item_type  unique_id\n0                        .quokka    folder        155\n1                        .nuxtrc      file        156\n2                    .vue-cli-ui    folder        157\n3                        .config    folder        158\n4                        .docker    folder        159\n..                           ...       ...        ...\n68  .ms_eclipsetemurinjdk_config      file        223\n69                 .bash_history      file        224\n70                      .viminfo      file        225\n71                 .zsh_sessions    folder        226\n72                       .pcloud    folder        227\n\n[73 rows x 3 columns])}"

The above exception was the direct cause of the following exception:

Traceback (most recent call last):
  File "/Users/stevenbrown/swd_storage/VCS_local/vcs3_GitHub/GitHub4_mine_public/macOS_util_py_rep_mac-dot-report/main.py", line 65, in <module>
    main()
  File "/Users/stevenbrown/swd_storage/VCS_local/vcs3_GitHub/GitHub4_mine_public/macOS_util_py_rep_mac-dot-report/main.py", line 41, in main
    main_dataframe = build_main_dataframe()
                     ^^^^^^^^^^^^^^^^^^^^^^
  File "/Users/stevenbrown/swd_storage/VCS_local/vcs3_GitHub/GitHub4_mine_public/macOS_util_py_rep_mac-dot-report/dbase/dbase01_setup.py", line 53, in build_main_dataframe
    main_dataframe = merge_dataframes(main_dataframe, loaded_dataframes[df_name], suffix_mapping, suffix2)
                     ^^^^^^^^^^^^^^^^^^^^^^^^^^^^^^^^^^^^^^^^^^^^^^^^^^^^^^^^^^^^^^^^^^^^^^^^^^^^^^^^^^^^^
  File "/Users/stevenbrown/swd_storage/VCS_local/vcs3_GitHub/GitHub4_mine_public/macOS_util_py_rep_mac-dot-report/dbase/dbase09_merge.py", line 31, in merge_dataframes
    main_dataframe['item_name'] = main_dataframe.apply(
                                  ^^^^^^^^^^^^^^^^^^^^^
  File "/Users/stevenbrown/swd_storage/VCS_local/vcs3_GitHub/GitHub4_mine_public/macOS_util_py_rep_mac-dot-report/.venv/lib/python3.12/site-packages/pandas/core/frame.py", line 10374, in apply
    return op.apply().__finalize__(self, method="apply")
           ^^^^^^^^^^
  File "/Users/stevenbrown/swd_storage/VCS_local/vcs3_GitHub/GitHub4_mine_public/macOS_util_py_rep_mac-dot-report/.venv/lib/python3.12/site-packages/pandas/core/apply.py", line 916, in apply
    return self.apply_standard()
           ^^^^^^^^^^^^^^^^^^^^^
  File "/Users/stevenbrown/swd_storage/VCS_local/vcs3_GitHub/GitHub4_mine_public/macOS_util_py_rep_mac-dot-report/.venv/lib/python3.12/site-packages/pandas/core/apply.py", line 1063, in apply_standard
    results, res_index = self.apply_series_generator()
                         ^^^^^^^^^^^^^^^^^^^^^^^^^^^^^
  File "/Users/stevenbrown/swd_storage/VCS_local/vcs3_GitHub/GitHub4_mine_public/macOS_util_py_rep_mac-dot-report/.venv/lib/python3.12/site-packages/pandas/core/apply.py", line 1081, in apply_series_generator
    results[i] = self.func(v, *self.args, **self.kwargs)
                 ^^^^^^^^^^^^^^^^^^^^^^^^^^^^^^^^^^^^^^^
  File "/Users/stevenbrown/swd_storage/VCS_local/vcs3_GitHub/GitHub4_mine_public/macOS_util_py_rep_mac-dot-report/dbase/dbase09_merge.py", line 45, in merge_fields_name
    df1_name = row[f'item_name_{suffix1}'] if pd.notna(row[f'item_name_{suffix1}']) else ''
                                                       ~~~^^^^^^^^^^^^^^^^^^^^^^^^
  File "/Users/stevenbrown/swd_storage/VCS_local/vcs3_GitHub/GitHub4_mine_public/macOS_util_py_rep_mac-dot-report/.venv/lib/python3.12/site-packages/pandas/core/series.py", line 1121, in __getitem__
    return self._get_value(key)
           ^^^^^^^^^^^^^^^^^^^^
  File "/Users/stevenbrown/swd_storage/VCS_local/vcs3_GitHub/GitHub4_mine_public/macOS_util_py_rep_mac-dot-report/.venv/lib/python3.12/site-packages/pandas/core/series.py", line 1237, in _get_value
    loc = self.index.get_loc(label)
          ^^^^^^^^^^^^^^^^^^^^^^^^^
  File "/Users/stevenbrown/swd_storage/VCS_local/vcs3_GitHub/GitHub4_mine_public/macOS_util_py_rep_mac-dot-report/.venv/lib/python3.12/site-packages/pandas/core/indexes/base.py", line 3812, in get_loc
    raise KeyError(key) from err
KeyError: "item_name_{'df1': ('hm',                        item_name   item_type  unique_id                  item_name_hm item_type_hm\n0                        .quokka  folder_sym          1                       .quokka   folder_sym\n1                        .nuxtrc    file_sym          2                       .nuxtrc     file_sym\n2                    .vue-cli-ui  folder_sym          3                   .vue-cli-ui   folder_sym\n3                        .config  folder_sym          4                       .config   folder_sym\n4                        .docker  folder_sym          5                       .docker   folder_sym\n..                           ...         ...        ...                           ...          ...\n72  .ms_eclipsetemurinjdk_config    file_sym         73  .ms_eclipsetemurinjdk_config     file_sym\n73                 .bash_history    file_sym         74                 .bash_history     file_sym\n74                      .viminfo        file         75                      .viminfo         file\n75                 .zsh_sessions  folder_sym         76                 .zsh_sessions   folder_sym\n76                       .pcloud  folder_sym         77                       .pcloud   folder_sym\n\n[77 rows x 5 columns]), 'df2': ('rp',                        item_name item_type  unique_id\n0                        .quokka    folder        155\n1                        .nuxtrc      file        156\n2                    .vue-cli-ui    folder        157\n3                        .config    folder        158\n4                        .docker    folder        159\n..                           ...       ...        ...\n68  .ms_eclipsetemurinjdk_config      file        223\n69                 .bash_history      file        224\n70                      .viminfo      file        225\n71                 .zsh_sessions    folder        226\n72                       .pcloud    folder        227\n\n[73 rows x 3 columns])}"
(.venv) stevenbrown@srb-mbp23 macOS_util_py_rep_mac-dot-report % 
3                        .config  folder_sym          4                       .config   folder_sym
4                        .docker  folder_sym          5                       .docker   folder_sym
..                           ...         ...        ...                           ...          ...
72  .ms_eclipsetemurinjdk_config    file_sym         73  .ms_eclipsetemurinjdk_config     file_sym
73                 .bash_history    file_sym         74                 .bash_history     file_sym
74                      .viminfo        file         75                      .viminfo         file
75                 .zsh_sessions  folder_sym         76                 .zsh_sessions   folder_sym
76                       .pcloud  folder_sym         77                       .pcloud   folder_sym

[77 rows x 5 columns]), 'df2': ('rp',                        item_name item_type  unique_id
0                        .quokka    folder        155
1                        .nuxtrc      file        156
2                    .vue-cli-ui    folder        157
3                        .config    folder        158
4                        .docker    folder        159
..                           ...       ...        ...
68  .ms_eclipsetemurinjdk_config      file        223
69                 .bash_history      file        224
70                      .viminfo      file        225
71                 .zsh_sessions    folder        226
72                       .pcloud    folder        227

[73 rows x 3 columns])}
db9️⃣ Merged DataFrame columns:
Index(['item_name', 'item_type',
       'unique_id_{'df1': ('hm',                        item_name   item_type  unique_id                  item_name_hm item_type_hm\n0                        .quokka  folder_sym          1                       .quokka   folder_sym\n1                        .nuxtrc    file_sym          2                       .nuxtrc     file_sym\n2                    .vue-cli-ui  folder_sym          3                   .vue-cli-ui   folder_sym\n3                        .config  folder_sym          4                       .config   folder_sym\n4                        .docker  folder_sym          5                       .docker   folder_sym\n..                           ...         ...        ...                           ...          ...\n72  .ms_eclipsetemurinjdk_config    file_sym         73  .ms_eclipsetemurinjdk_config     file_sym\n73                 .bash_history    file_sym         74                 .bash_history     file_sym\n74                      .viminfo        file         75                      .viminfo         file\n75                 .zsh_sessions  folder_sym         76                 .zsh_sessions   folder_sym\n76                       .pcloud  folder_sym         77                       .pcloud   folder_sym\n\n[77 rows x 5 columns]), 'df2': ('rp',                        item_name item_type  unique_id\n0                        .quokka    folder        155\n1                        .nuxtrc      file        156\n2                    .vue-cli-ui    folder        157\n3                        .config    folder        158\n4                        .docker    folder        159\n..                           ...       ...        ...\n68  .ms_eclipsetemurinjdk_config      file        223\n69                 .bash_history      file        224\n70                      .viminfo      file        225\n71                 .zsh_sessions    folder        226\n72                       .pcloud    folder        227\n\n[73 rows x 3 columns])}',...                           ...          ...\n72  .ms_eclipsetemurinjdk_config    file_sym         73  .ms_eclipsetemurinjdk_config     file_sym\n73                 .bash_history    file_sym         74                 .bash_history     file_sym\n74                      .viminfo        file         75                      .viminfo         file\n75                 .zsh_sessions  folder_sym         76                 .zsh_sessions   folder_sym\n76                       .pcloud  folder_sym         77                       .pcloud   folder_sym\n\n[77 rows x 5 columns]), 'df2': ('rp',                        item_name item_type  unique_id\n0                        .quokka    folder        155\n1                        .nuxtrc      file        156\n2                    .vue-cli-ui    folder        157\n3                        .config    folder        158\n4                        .docker    folder        159\n..                           ...       ...        ...\n68  .ms_eclipsetemurinjdk_config      file        223\n69                 .bash_history      file        224\n70                      .viminfo      file        225\n71                 .zsh_sessions    folder        226\n72                       .pcloud    folder        227\n\n[73 rows x 3 columns])}',
       'item_name_hm', 'item_type_hm', 'unique_id_rp', '_merge'],
      dtype='object')
db9️⃣ Merged DataFrame preview:
             item_name   item_type  ...  unique_id_rp      _merge
0  .CFUserTextEncoding        file  ...         166.0  right_only
1  .CFUserTextEncoding    file_sym  ...           NaN   left_only
2            .DS_Store        file  ...         161.0        both
3     .IdentityService      folder  ...         191.0  right_only
4     .IdentityService  folder_sym  ...           NaN   left_only

[5 rows x 7 columns]
Traceback (most recent call last):
  File "/Users/stevenbrown/swd_storage/VCS_local/vcs3_GitHub/GitHub4_mine_public/macOS_util_py_rep_mac-dot-report/.venv/lib/python3.12/site-packages/pandas/core/indexes/base.py", line 3805, in get_locte-packages/pandas/core/indexes/base.py", line 3805, in get_loc
    return self._engine.get_loc(casted_key)
           ^^^^^^^^^^^^^^^^^^^^^^^^^^^^^^^^
  File "index.pyx", line 167, in pandas._libs.index.IndexEngine.get_loc
  File "index.pyx", line 196, in pandas._libs.index.IndexEngine.get_loc
  File "pandas/_libs/hashtable_class_helper.pxi", line 7081, in pandas._libs.hashtable.PyObjectHashTable.get_item
  File "pandas/_libs/hashtable_class_helper.pxi", line 7089, in pandas._libs.hashtable.PyObjectHashTable.get_item
KeyError: "item_name_{'df1': ('hm',                        item_name   item_type  unique_id                  item_name_hm item_type_hm\n0                        .quokka  folder_sym          1                       .quokka   folder_sym\n1                        .nuxtrc    file_sym          2                       .nuxtrc     file_sym\n2                    .vue-cli-ui  folder_sym          3                   .vue-cli-ui   folder_sym\n3                        .config  folder_sym          4                       .config   folder_sym\n4                        .docker  folder_sym          5                       .docker   folder_sym\n..                           ...         ...        ...                           ...          ...\n72  .ms_eclipsetemurinjdk_config    file_sym         73  .ms_eclipsetemurinjdk_config     file_sym\n73                 .bash_history    file_sym         74                 .bash_history     file_sym\n74                      .viminfo        file         75                      .viminfo         file\n75                 .zsh_sessions  folder_sym         76                 .zsh_sessions   folder_sym\n76                       .pcloud  folder_sym         77                       .pcloud   folder_sym\n\n[77 rows x 5 columns]), 'df2': ('rp',                        item_name item_type  unique_id\n0                        .quokka    folder        155\n1                        .nuxtrc      file        156\n2                    .vue-cli-ui    folder        157\n3                        .config    folder        158\n4                        .docker    folder        159\n..                           ...       ...        ...\n68  .ms_eclipsetemurinjdk_config      file        223\n69                 .bash_history      file        224\n70                      .viminfo      file        225\n71                 .zsh_sessions    folder        226\n72                       .pcloud    folder        227\n\n[73 rows x 3 columns])}"   ...                           ...          ...\n72  .ms_eclipsetemurinjdk_config    file_sym         73  .ms_eclipsetemurinjdk_config     file_sym\n73                 .bash_history    file_sym         74                 .bash_history     file_sym\n74                      .viminfo        file         75                      .viminfo         file\n75                 .zsh_sessions  folder_sym         76                 .zsh_sessions   folder_sym\n76                       .pcloud  folder_sym         77                       .pcloud   folder_sym\n\n[77 rows x 5 columns]), 'df2': ('rp',                        item_name item_type  unique_id\n0                        .quokka    folder        155\n1                        .nuxtrc      file        156\n2                    .vue-cli-ui    folder        157\n3                        .config    folder        158\n4                        .docker    folder        159\n..                           ...       ...        ...\n68  .ms_eclipsetemurinjdk_config      file        223\n69                 .bash_history      file        224\n70                      .viminfo      file        225\n71                 .zsh_sessions    folder        226\n72                       .pcloud    folder        227\n\n[73 rows x 3 columns])}"

The above exception was the direct cause of the following exception:

Traceback (most recent call last):
  File "/Users/stevenbrown/swd_storage/VCS_local/vcs3_GitHub/GitHub4_mine_public/macOS_util_py_rep_mac-dot-report/main.py", line 65, in <module>module>
    main()
  File "/Users/stevenbrown/swd_storage/VCS_local/vcs3_GitHub/GitHub4_mine_public/macOS_util_py_rep_mac-dot-report/main.py", line 41, in mainain
    main_dataframe = build_main_dataframe()
                     ^^^^^^^^^^^^^^^^^^^^^^
  File "/Users/stevenbrown/swd_storage/VCS_local/vcs3_GitHub/GitHub4_mine_public/macOS_util_py_rep_mac-dot-report/dbase/dbase01_setup.py", line 53, in build_main_dataframe, line 53, in build_main_dataframe
    main_dataframe = merge_dataframes(main_dataframe, loaded_dataframes[df_name], suffix_mapping, suffix2)
                     ^^^^^^^^^^^^^^^^^^^^^^^^^^^^^^^^^^^^^^^^^^^^^^^^^^^^^^^^^^^^^^^^^^^^^^^^^^^^^^^^^^^^^
  File "/Users/stevenbrown/swd_storage/VCS_local/vcs3_GitHub/GitHub4_mine_public/macOS_util_py_rep_mac-dot-report/dbase/dbase09_merge.py", line 31, in merge_dataframes, line 31, in merge_dataframes
    main_dataframe['item_name'] = main_dataframe.apply(
                                  ^^^^^^^^^^^^^^^^^^^^^
  File "/Users/stevenbrown/swd_storage/VCS_local/vcs3_GitHub/GitHub4_mine_public/macOS_util_py_rep_mac-dot-report/.venv/lib/python3.12/site-packages/pandas/core/frame.py", line 10374, in applyte-packages/pandas/core/frame.py", line 10374, in apply
    return op.apply().__finalize__(self, method="apply")
           ^^^^^^^^^^
  File "/Users/stevenbrown/swd_storage/VCS_local/vcs3_GitHub/GitHub4_mine_public/macOS_util_py_rep_mac-dot-report/.venv/lib/python3.12/site-packages/pandas/core/apply.py", line 916, in applyte-packages/pandas/core/apply.py", line 916, in apply
    return self.apply_standard()
           ^^^^^^^^^^^^^^^^^^^^^
  File "/Users/stevenbrown/swd_storage/VCS_local/vcs3_GitHub/GitHub4_mine_public/macOS_util_py_rep_mac-dot-report/.venv/lib/python3.12/site-packages/pandas/core/apply.py", line 1063, in apply_standardte-packages/pandas/core/apply.py", line 1063, in apply_standard
    results, res_index = self.apply_series_generator()
                         ^^^^^^^^^^^^^^^^^^^^^^^^^^^^^
  File "/Users/stevenbrown/swd_storage/VCS_local/vcs3_GitHub/GitHub4_mine_public/macOS_util_py_rep_mac-dot-report/.venv/lib/python3.12/site-packages/pandas/core/apply.py", line 1081, in apply_series_generatorte-packages/pandas/core/apply.py", line 1081, in apply_series_generator
    results[i] = self.func(v, *self.args, **self.kwargs)
                 ^^^^^^^^^^^^^^^^^^^^^^^^^^^^^^^^^^^^^^^
  File "/Users/stevenbrown/swd_storage/VCS_local/vcs3_GitHub/GitHub4_mine_public/macOS_util_py_rep_mac-dot-report/dbase/dbase09_merge.py", line 45, in merge_fields_name, line 45, in merge_fields_name
    df1_name = row[f'item_name_{suffix1}'] if pd.notna(row[f'item_name_{suffix1}']) else ''
                                                       ~~~^^^^^^^^^^^^^^^^^^^^^^^^
  File "/Users/stevenbrown/swd_storage/VCS_local/vcs3_GitHub/GitHub4_mine_public/macOS_util_py_rep_mac-dot-report/.venv/lib/python3.12/site-packages/pandas/core/series.py", line 1121, in __getitem__te-packages/pandas/core/series.py", line 1121, in __getitem__
    return self._get_value(key)
           ^^^^^^^^^^^^^^^^^^^^
  File "/Users/stevenbrown/swd_storage/VCS_local/vcs3_GitHub/GitHub4_mine_public/macOS_util_py_rep_mac-dot-report/.venv/lib/python3.12/site-packages/pandas/core/series.py", line 1237, in _get_valuete-packages/pandas/core/series.py", line 1237, in _get_value
    loc = self.index.get_loc(label)
          ^^^^^^^^^^^^^^^^^^^^^^^^^
  File "/Users/stevenbrown/swd_storage/VCS_local/vcs3_GitHub/GitHub4_mine_public/macOS_util_py_rep_mac-dot-report/.venv/lib/python3.12/site-packages/pandas/core/indexes/base.py", line 3812, in get_locte-packages/pandas/core/indexes/base.py", line 3812, in get_loc
    raise KeyError(key) from err
KeyError: "item_name_{'df1': ('hm',                        item_name   item_type  unique_id                  item_name_hm item_type_hm\n0                        .quokka  folder_sym          1                       .quokka   folder_sym\n1                        .nuxtrc    file_sym          2                       .nuxtrc     file_sym\n2                    .vue-cli-ui  folder_sym          3                   .vue-cli-ui   folder_sym\n3                        .config  folder_sym          4                       .config   folder_sym\n4                        .docker  folder_sym          5                       .docker   folder_sym\n..                           ...         ...        ...                           ...          ...\n72  .ms_eclipsetemurinjdk_config    file_sym         73  .ms_eclipsetemurinjdk_config     file_sym\n73                 .bash_history    file_sym         74                 .bash_history     file_sym\n74                      .viminfo        file         75                      .viminfo         file\n75                 .zsh_sessions  folder_sym         76                 .zsh_sessions   folder_sym\n76                       .pcloud  folder_sym         77                       .pcloud   folder_sym\n\n[77 rows x 5 columns]), 'df2': ('rp',                        item_name item_type  unique_id\n0                        .quokka    folder        155\n1                        .nuxtrc      file        156\n2                    .vue-cli-ui    folder        157\n3                        .config    folder        158\n4                        .docker    folder        159\n..                           ...       ...        ...\n68  .ms_eclipsetemurinjdk_config      file        223\n69                 .bash_history      file        224\n70                      .viminfo      file        225\n71                 .zsh_sessions    folder        226\n72                       .pcloud    folder        227\n\n[73 rows x 3 columns])}"   ...                           ...          ...\n72  .ms_eclipsetemurinjdk_config    file_sym         73  .ms_eclipsetemurinjdk_config     file_sym\n73                 .bash_history    file_sym         74                 .bash_history     file_sym\n74                      .viminfo        file         75                      .viminfo         file\n75                 .zsh_sessions  folder_sym         76                 .zsh_sessions   folder_sym\n76                       .pcloud  folder_sym         77                       .pcloud   folder_sym\n\n[77 rows x 5 columns]), 'df2': ('rp',                        item_name item_type  unique_id\n0                        .quokka    folder        155\n1                        .nuxtrc      file        156\n2                    .vue-cli-ui    folder        157\n3                        .config    folder        158\n4                        .docker    folder        159\n..                           ...       ...        ...\n68  .ms_eclipsetemurinjdk_config      file        223\n69                 .bash_history      file        224\n70                      .viminfo      file        225\n71                 .zsh_sessions    folder        226\n72                       .pcloud    folder        227\n\n[73 rows x 3 columns])}"